<?xml version="1.0" encoding="UTF-8"?>
<testsuite name="InvoiceServiceTest" tests="1" skipped="0" failures="0" errors="0" timestamp="2020-08-30T12:08:52" hostname="DESKTOP-1HIDL2M" time="0.005">
  <properties/>
  <testcase name="givendistanceAndTime_ShouldReturnTotalFare" classname="InvoiceServiceTest" time="0.005"/>
  <system-out><![CDATA[]]></system-out>
  <system-err><![CDATA[]]></system-err>
</testsuite>
